{"/home/admin1/nexchat/services/auth-service/src/index.js": {"path":"/home/admin1/nexchat/services/auth-service/src/index.js","statementMap":{"0":{"start":{"line":1,"column":16},"end":{"line":1,"column":34}},"1":{"start":{"line":2,"column":19},"end":{"line":2,"column":41}},"2":{"start":{"line":3,"column":13},"end":{"line":3,"column":28}},"3":{"start":{"line":4,"column":19},"end":{"line":4,"column":43}},"4":{"start":{"line":5,"column":11},"end":{"line":5,"column":33}},"5":{"start":{"line":7,"column":12},"end":{"line":7,"column":21}},"6":{"start":{"line":8,"column":13},"end":{"line":8,"column":37}},"7":{"start":{"line":11,"column":0},"end":{"line":11,"column":16}},"8":{"start":{"line":12,"column":0},"end":{"line":12,"column":27}},"9":{"start":{"line":15,"column":0},"end":{"line":15,"column":29}},"10":{"start":{"line":18,"column":0},"end":{"line":27,"column":5}},"11":{"start":{"line":20,"column":4},"end":{"line":22,"column":7}},"12":{"start":{"line":21,"column":6},"end":{"line":21,"column":58}},"13":{"start":{"line":25,"column":4},"end":{"line":25,"column":53}},"14":{"start":{"line":26,"column":4},"end":{"line":26,"column":20}},"15":{"start":{"line":29,"column":0},"end":{"line":29,"column":21}}},"fnMap":{"0":{"name":"(anonymous_0)","decl":{"start":{"line":19,"column":8},"end":{"line":19,"column":9}},"loc":{"start":{"line":19,"column":14},"end":{"line":23,"column":3}},"line":19},"1":{"name":"(anonymous_1)","decl":{"start":{"line":20,"column":21},"end":{"line":20,"column":22}},"loc":{"start":{"line":20,"column":27},"end":{"line":22,"column":5}},"line":20},"2":{"name":"(anonymous_2)","decl":{"start":{"line":24,"column":9},"end":{"line":24,"column":10}},"loc":{"start":{"line":24,"column":16},"end":{"line":27,"column":3}},"line":24}},"branchMap":{"0":{"loc":{"start":{"line":8,"column":13},"end":{"line":8,"column":37}},"type":"binary-expr","locations":[{"start":{"line":8,"column":13},"end":{"line":8,"column":29}},{"start":{"line":8,"column":33},"end":{"line":8,"column":37}}],"line":8}},"s":{"0":1,"1":1,"2":1,"3":1,"4":1,"5":1,"6":1,"7":1,"8":1,"9":1,"10":1,"11":1,"12":0,"13":0,"14":0,"15":1},"f":{"0":1,"1":0,"2":0},"b":{"0":[1,1]},"_coverageSchema":"1a1c01bbd47fc00a2c39e90264f33305004495a9","hash":"467361821faf6684857f8f7b8c3a25be395c445d"}
,"/home/admin1/nexchat/services/auth-service/src/config/db.js": {"path":"/home/admin1/nexchat/services/auth-service/src/config/db.js","statementMap":{"0":{"start":{"line":1,"column":17},"end":{"line":1,"column":30}},"1":{"start":{"line":3,"column":13},"end":{"line":9,"column":2}},"2":{"start":{"line":11,"column":16},"end":{"line":20,"column":1}},"3":{"start":{"line":12,"column":2},"end":{"line":19,"column":3}},"4":{"start":{"line":13,"column":4},"end":{"line":13,"column":37}},"5":{"start":{"line":14,"column":4},"end":{"line":14,"column":52}},"6":{"start":{"line":15,"column":4},"end":{"line":15,"column":16}},"7":{"start":{"line":17,"column":4},"end":{"line":17,"column":66}},"8":{"start":{"line":18,"column":4},"end":{"line":18,"column":14}},"9":{"start":{"line":22,"column":0},"end":{"line":25,"column":2}}},"fnMap":{"0":{"name":"(anonymous_0)","decl":{"start":{"line":11,"column":16},"end":{"line":11,"column":17}},"loc":{"start":{"line":11,"column":28},"end":{"line":20,"column":1}},"line":11}},"branchMap":{"0":{"loc":{"start":{"line":4,"column":8},"end":{"line":4,"column":41}},"type":"binary-expr","locations":[{"start":{"line":4,"column":8},"end":{"line":4,"column":27}},{"start":{"line":4,"column":31},"end":{"line":4,"column":41}}],"line":4},"1":{"loc":{"start":{"line":5,"column":8},"end":{"line":5,"column":42}},"type":"binary-expr","locations":[{"start":{"line":5,"column":8},"end":{"line":5,"column":27}},{"start":{"line":5,"column":31},"end":{"line":5,"column":42}}],"line":5},"2":{"loc":{"start":{"line":6,"column":12},"end":{"line":6,"column":44}},"type":"binary-expr","locations":[{"start":{"line":6,"column":12},"end":{"line":6,"column":31}},{"start":{"line":6,"column":35},"end":{"line":6,"column":44}}],"line":6},"3":{"loc":{"start":{"line":7,"column":12},"end":{"line":7,"column":49}},"type":"binary-expr","locations":[{"start":{"line":7,"column":12},"end":{"line":7,"column":35}},{"start":{"line":7,"column":39},"end":{"line":7,"column":49}}],"line":7},"4":{"loc":{"start":{"line":8,"column":8},"end":{"line":8,"column":35}},"type":"binary-expr","locations":[{"start":{"line":8,"column":8},"end":{"line":8,"column":27}},{"start":{"line":8,"column":31},"end":{"line":8,"column":35}}],"line":8}},"s":{"0":1,"1":1,"2":1,"3":1,"4":1,"5":1,"6":1,"7":0,"8":0,"9":1},"f":{"0":1},"b":{"0":[1,1],"1":[1,1],"2":[1,1],"3":[1,1],"4":[1,1]},"_coverageSchema":"1a1c01bbd47fc00a2c39e90264f33305004495a9","hash":"235d608b01d536b094de47eab6286e64210359f1"}
,"/home/admin1/nexchat/services/auth-service/src/controllers/auth.js": {"path":"/home/admin1/nexchat/services/auth-service/src/controllers/auth.js","statementMap":{"0":{"start":{"line":1,"column":13},"end":{"line":1,"column":38}},"1":{"start":{"line":2,"column":12},"end":{"line":2,"column":35}},"2":{"start":{"line":3,"column":15},"end":{"line":3,"column":32}},"3":{"start":{"line":4,"column":17},"end":{"line":4,"column":40}},"4":{"start":{"line":5,"column":15},"end":{"line":5,"column":32}},"5":{"start":{"line":7,"column":19},"end":{"line":7,"column":62}},"6":{"start":{"line":11,"column":4},"end":{"line":21,"column":5}},"7":{"start":{"line":12,"column":44},"end":{"line":12,"column":52}},"8":{"start":{"line":13,"column":19},"end":{"line":13,"column":65}},"9":{"start":{"line":15,"column":20},"end":{"line":15,"column":83}},"10":{"start":{"line":16,"column":6},"end":{"line":16,"column":82}},"11":{"start":{"line":17,"column":6},"end":{"line":17,"column":38}},"12":{"start":{"line":19,"column":6},"end":{"line":19,"column":50}},"13":{"start":{"line":20,"column":6},"end":{"line":20,"column":61}},"14":{"start":{"line":25,"column":4},"end":{"line":44,"column":5}},"15":{"start":{"line":26,"column":37},"end":{"line":26,"column":45}},"16":{"start":{"line":27,"column":19},"end":{"line":27,"column":54}},"17":{"start":{"line":29,"column":6},"end":{"line":31,"column":7}},"18":{"start":{"line":30,"column":8},"end":{"line":30,"column":70}},"19":{"start":{"line":33,"column":20},"end":{"line":33,"column":70}},"20":{"start":{"line":34,"column":6},"end":{"line":36,"column":7}},"21":{"start":{"line":35,"column":8},"end":{"line":35,"column":70}},"22":{"start":{"line":38,"column":20},"end":{"line":38,"column":83}},"23":{"start":{"line":39,"column":6},"end":{"line":39,"column":82}},"24":{"start":{"line":40,"column":6},"end":{"line":40,"column":38}},"25":{"start":{"line":42,"column":6},"end":{"line":42,"column":43}},"26":{"start":{"line":43,"column":6},"end":{"line":43,"column":54}},"27":{"start":{"line":48,"column":4},"end":{"line":66,"column":5}},"28":{"start":{"line":49,"column":24},"end":{"line":49,"column":32}},"29":{"start":{"line":50,"column":21},"end":{"line":50,"column":87}},"30":{"start":{"line":52,"column":6},"end":{"line":54,"column":7}},"31":{"start":{"line":53,"column":8},"end":{"line":53,"column":66}},"32":{"start":{"line":56,"column":20},"end":{"line":56,"column":58}},"33":{"start":{"line":57,"column":6},"end":{"line":60,"column":8}},"34":{"start":{"line":62,"column":6},"end":{"line":62,"column":69}},"35":{"start":{"line":64,"column":6},"end":{"line":64,"column":55}},"36":{"start":{"line":65,"column":6},"end":{"line":65,"column":66}},"37":{"start":{"line":70,"column":4},"end":{"line":86,"column":5}},"38":{"start":{"line":71,"column":37},"end":{"line":71,"column":45}},"39":{"start":{"line":72,"column":21},"end":{"line":75,"column":7}},"40":{"start":{"line":77,"column":6},"end":{"line":79,"column":7}},"41":{"start":{"line":78,"column":8},"end":{"line":78,"column":75}},"42":{"start":{"line":81,"column":6},"end":{"line":81,"column":64}},"43":{"start":{"line":82,"column":6},"end":{"line":82,"column":69}},"44":{"start":{"line":84,"column":6},"end":{"line":84,"column":52}},"45":{"start":{"line":85,"column":6},"end":{"line":85,"column":63}},"46":{"start":{"line":90,"column":4},"end":{"line":101,"column":5}},"47":{"start":{"line":91,"column":19},"end":{"line":91,"column":63}},"48":{"start":{"line":92,"column":6},"end":{"line":97,"column":9}},"49":{"start":{"line":99,"column":6},"end":{"line":99,"column":49}},"50":{"start":{"line":100,"column":6},"end":{"line":100,"column":63}},"51":{"start":{"line":106,"column":4},"end":{"line":120,"column":5}},"52":{"start":{"line":107,"column":47},"end":{"line":107,"column":55}},"53":{"start":{"line":108,"column":19},"end":{"line":108,"column":63}},"54":{"start":{"line":110,"column":20},"end":{"line":110,"column":77}},"55":{"start":{"line":111,"column":6},"end":{"line":113,"column":7}},"56":{"start":{"line":112,"column":8},"end":{"line":112,"column":80}},"57":{"start":{"line":115,"column":6},"end":{"line":115,"column":54}},"58":{"start":{"line":116,"column":6},"end":{"line":116,"column":73}},"59":{"start":{"line":118,"column":6},"end":{"line":118,"column":53}},"60":{"start":{"line":119,"column":6},"end":{"line":119,"column":67}},"61":{"start":{"line":124,"column":4},"end":{"line":135,"column":5}},"62":{"start":{"line":125,"column":46},"end":{"line":125,"column":54}},"63":{"start":{"line":126,"column":6},"end":{"line":126,"column":77}},"64":{"start":{"line":128,"column":6},"end":{"line":131,"column":9}},"65":{"start":{"line":133,"column":6},"end":{"line":133,"column":52}},"66":{"start":{"line":134,"column":6},"end":{"line":134,"column":66}},"67":{"start":{"line":139,"column":4},"end":{"line":150,"column":5}},"68":{"start":{"line":140,"column":28},"end":{"line":140,"column":36}},"69":{"start":{"line":141,"column":6},"end":{"line":141,"column":54}},"70":{"start":{"line":143,"column":6},"end":{"line":146,"column":9}},"71":{"start":{"line":148,"column":6},"end":{"line":148,"column":51}},"72":{"start":{"line":149,"column":6},"end":{"line":149,"column":69}},"73":{"start":{"line":154,"column":0},"end":{"line":154,"column":32}}},"fnMap":{"0":{"name":"(anonymous_0)","decl":{"start":{"line":10,"column":2},"end":{"line":10,"column":3}},"loc":{"start":{"line":10,"column":34},"end":{"line":22,"column":3}},"line":10},"1":{"name":"(anonymous_1)","decl":{"start":{"line":24,"column":2},"end":{"line":24,"column":3}},"loc":{"start":{"line":24,"column":31},"end":{"line":45,"column":3}},"line":24},"2":{"name":"(anonymous_2)","decl":{"start":{"line":47,"column":2},"end":{"line":47,"column":3}},"loc":{"start":{"line":47,"column":41},"end":{"line":67,"column":3}},"line":47},"3":{"name":"(anonymous_3)","decl":{"start":{"line":69,"column":2},"end":{"line":69,"column":3}},"loc":{"start":{"line":69,"column":39},"end":{"line":87,"column":3}},"line":69},"4":{"name":"(anonymous_4)","decl":{"start":{"line":89,"column":2},"end":{"line":89,"column":3}},"loc":{"start":{"line":89,"column":36},"end":{"line":102,"column":3}},"line":89},"5":{"name":"(anonymous_5)","decl":{"start":{"line":105,"column":2},"end":{"line":105,"column":3}},"loc":{"start":{"line":105,"column":40},"end":{"line":121,"column":3}},"line":105},"6":{"name":"(anonymous_6)","decl":{"start":{"line":123,"column":2},"end":{"line":123,"column":3}},"loc":{"start":{"line":123,"column":39},"end":{"line":136,"column":3}},"line":123},"7":{"name":"(anonymous_7)","decl":{"start":{"line":138,"column":2},"end":{"line":138,"column":3}},"loc":{"start":{"line":138,"column":38},"end":{"line":151,"column":3}},"line":138}},"branchMap":{"0":{"loc":{"start":{"line":7,"column":19},"end":{"line":7,"column":62}},"type":"binary-expr","locations":[{"start":{"line":7,"column":19},"end":{"line":7,"column":41}},{"start":{"line":7,"column":45},"end":{"line":7,"column":62}}],"line":7},"1":{"loc":{"start":{"line":29,"column":6},"end":{"line":31,"column":7}},"type":"if","locations":[{"start":{"line":29,"column":6},"end":{"line":31,"column":7}},{"start":{},"end":{}}],"line":29},"2":{"loc":{"start":{"line":34,"column":6},"end":{"line":36,"column":7}},"type":"if","locations":[{"start":{"line":34,"column":6},"end":{"line":36,"column":7}},{"start":{},"end":{}}],"line":34},"3":{"loc":{"start":{"line":52,"column":6},"end":{"line":54,"column":7}},"type":"if","locations":[{"start":{"line":52,"column":6},"end":{"line":54,"column":7}},{"start":{},"end":{}}],"line":52},"4":{"loc":{"start":{"line":77,"column":6},"end":{"line":79,"column":7}},"type":"if","locations":[{"start":{"line":77,"column":6},"end":{"line":79,"column":7}},{"start":{},"end":{}}],"line":77},"5":{"loc":{"start":{"line":111,"column":6},"end":{"line":113,"column":7}},"type":"if","locations":[{"start":{"line":111,"column":6},"end":{"line":113,"column":7}},{"start":{},"end":{}}],"line":111}},"s":{"0":1,"1":1,"2":1,"3":1,"4":1,"5":1,"6":3,"7":3,"8":3,"9":3,"10":3,"11":3,"12":0,"13":0,"14":0,"15":0,"16":0,"17":0,"18":0,"19":0,"20":0,"21":0,"22":0,"23":0,"24":0,"25":0,"26":0,"27":0,"28":0,"29":0,"30":0,"31":0,"32":0,"33":0,"34":0,"35":0,"36":0,"37":0,"38":0,"39":0,"40":0,"41":0,"42":0,"43":0,"44":0,"45":0,"46":0,"47":0,"48":0,"49":0,"50":0,"51":1,"52":1,"53":1,"54":1,"55":0,"56":0,"57":0,"58":0,"59":1,"60":1,"61":1,"62":1,"63":1,"64":1,"65":0,"66":0,"67":0,"68":0,"69":0,"70":0,"71":0,"72":0,"73":1},"f":{"0":3,"1":0,"2":0,"3":0,"4":0,"5":1,"6":1,"7":0},"b":{"0":[1,1],"1":[0,0],"2":[0,0],"3":[0,0],"4":[0,0],"5":[0,0]},"_coverageSchema":"1a1c01bbd47fc00a2c39e90264f33305004495a9","hash":"b333679a4afdcdaa5fc3114fdeb4eb8a0c2ede89"}
,"/home/admin1/nexchat/services/auth-service/src/middleware/auth.js": {"path":"/home/admin1/nexchat/services/auth-service/src/middleware/auth.js","statementMap":{"0":{"start":{"line":1,"column":12},"end":{"line":1,"column":35}},"1":{"start":{"line":2,"column":17},"end":{"line":2,"column":40}},"2":{"start":{"line":4,"column":19},"end":{"line":4,"column":62}},"3":{"start":{"line":6,"column":0},"end":{"line":32,"column":2}},"4":{"start":{"line":7,"column":2},"end":{"line":31,"column":3}},"5":{"start":{"line":8,"column":18},"end":{"line":8,"column":69}},"6":{"start":{"line":9,"column":4},"end":{"line":11,"column":5}},"7":{"start":{"line":10,"column":6},"end":{"line":10,"column":72}},"8":{"start":{"line":13,"column":20},"end":{"line":13,"column":49}},"9":{"start":{"line":14,"column":19},"end":{"line":14,"column":33}},"10":{"start":{"line":17,"column":25},"end":{"line":17,"column":83}},"11":{"start":{"line":18,"column":26},"end":{"line":18,"column":73}},"12":{"start":{"line":20,"column":4},"end":{"line":22,"column":5}},"13":{"start":{"line":21,"column":6},"end":{"line":21,"column":62}},"14":{"start":{"line":24,"column":4},"end":{"line":24,"column":30}},"15":{"start":{"line":25,"column":4},"end":{"line":25,"column":11}},"16":{"start":{"line":27,"column":4},"end":{"line":29,"column":5}},"17":{"start":{"line":28,"column":6},"end":{"line":28,"column":62}},"18":{"start":{"line":30,"column":4},"end":{"line":30,"column":61}}},"fnMap":{"0":{"name":"(anonymous_0)","decl":{"start":{"line":6,"column":17},"end":{"line":6,"column":18}},"loc":{"start":{"line":6,"column":43},"end":{"line":32,"column":1}},"line":6}},"branchMap":{"0":{"loc":{"start":{"line":4,"column":19},"end":{"line":4,"column":62}},"type":"binary-expr","locations":[{"start":{"line":4,"column":19},"end":{"line":4,"column":41}},{"start":{"line":4,"column":45},"end":{"line":4,"column":62}}],"line":4},"1":{"loc":{"start":{"line":9,"column":4},"end":{"line":11,"column":5}},"type":"if","locations":[{"start":{"line":9,"column":4},"end":{"line":11,"column":5}},{"start":{},"end":{}}],"line":9},"2":{"loc":{"start":{"line":20,"column":4},"end":{"line":22,"column":5}},"type":"if","locations":[{"start":{"line":20,"column":4},"end":{"line":22,"column":5}},{"start":{},"end":{}}],"line":20},"3":{"loc":{"start":{"line":27,"column":4},"end":{"line":29,"column":5}},"type":"if","locations":[{"start":{"line":27,"column":4},"end":{"line":29,"column":5}},{"start":{},"end":{}}],"line":27}},"s":{"0":1,"1":1,"2":1,"3":1,"4":3,"5":3,"6":3,"7":0,"8":3,"9":3,"10":3,"11":3,"12":3,"13":0,"14":3,"15":3,"16":0,"17":0,"18":0},"f":{"0":3},"b":{"0":[1,1],"1":[0,3],"2":[0,3],"3":[0,0]},"_coverageSchema":"1a1c01bbd47fc00a2c39e90264f33305004495a9","hash":"8e319cb58524c100b4d42e26665a1bb5e45676f3"}
,"/home/admin1/nexchat/services/auth-service/src/models/user.js": {"path":"/home/admin1/nexchat/services/auth-service/src/models/user.js","statementMap":{"0":{"start":{"line":1,"column":17},"end":{"line":1,"column":40}},"1":{"start":{"line":2,"column":12},"end":{"line":2,"column":35}},"2":{"start":{"line":3,"column":15},"end":{"line":3,"column":32}},"3":{"start":{"line":4,"column":15},"end":{"line":4,"column":32}},"4":{"start":{"line":5,"column":19},"end":{"line":5,"column":21}},"5":{"start":{"line":9,"column":18},"end":{"line":37,"column":5}},"6":{"start":{"line":38,"column":4},"end":{"line":38,"column":28}},"7":{"start":{"line":42,"column":27},"end":{"line":42,"column":66}},"8":{"start":{"line":43,"column":18},"end":{"line":47,"column":5}},"9":{"start":{"line":48,"column":19},"end":{"line":48,"column":77}},"10":{"start":{"line":49,"column":4},"end":{"line":49,"column":26}},"11":{"start":{"line":53,"column":18},"end":{"line":53,"column":59}},"12":{"start":{"line":54,"column":19},"end":{"line":54,"column":54}},"13":{"start":{"line":55,"column":4},"end":{"line":55,"column":26}},"14":{"start":{"line":59,"column":18},"end":{"line":63,"column":5}},"15":{"start":{"line":64,"column":19},"end":{"line":64,"column":71}},"16":{"start":{"line":65,"column":4},"end":{"line":65,"column":26}},"17":{"start":{"line":69,"column":18},"end":{"line":69,"column":56}},"18":{"start":{"line":70,"column":22},"end":{"line":70,"column":52}},"19":{"start":{"line":72,"column":4},"end":{"line":75,"column":6}},"20":{"start":{"line":77,"column":4},"end":{"line":77,"column":17}},"21":{"start":{"line":81,"column":27},"end":{"line":81,"column":69}},"22":{"start":{"line":82,"column":4},"end":{"line":85,"column":6}},"23":{"start":{"line":89,"column":44},"end":{"line":89,"column":55}},"24":{"start":{"line":90,"column":4},"end":{"line":95,"column":6}},"25":{"start":{"line":99,"column":4},"end":{"line":102,"column":6}},"26":{"start":{"line":106,"column":0},"end":{"line":106,"column":22}}},"fnMap":{"0":{"name":"(anonymous_0)","decl":{"start":{"line":8,"column":2},"end":{"line":8,"column":3}},"loc":{"start":{"line":8,"column":29},"end":{"line":39,"column":3}},"line":8},"1":{"name":"(anonymous_1)","decl":{"start":{"line":41,"column":2},"end":{"line":41,"column":3}},"loc":{"start":{"line":41,"column":51},"end":{"line":50,"column":3}},"line":41},"2":{"name":"(anonymous_2)","decl":{"start":{"line":52,"column":2},"end":{"line":52,"column":3}},"loc":{"start":{"line":52,"column":40},"end":{"line":56,"column":3}},"line":52},"3":{"name":"(anonymous_3)","decl":{"start":{"line":58,"column":2},"end":{"line":58,"column":3}},"loc":{"start":{"line":58,"column":56},"end":{"line":66,"column":3}},"line":58},"4":{"name":"(anonymous_4)","decl":{"start":{"line":68,"column":2},"end":{"line":68,"column":3}},"loc":{"start":{"line":68,"column":48},"end":{"line":78,"column":3}},"line":68},"5":{"name":"(anonymous_5)","decl":{"start":{"line":80,"column":2},"end":{"line":80,"column":3}},"loc":{"start":{"line":80,"column":51},"end":{"line":86,"column":3}},"line":80},"6":{"name":"(anonymous_6)","decl":{"start":{"line":88,"column":2},"end":{"line":88,"column":3}},"loc":{"start":{"line":88,"column":50},"end":{"line":96,"column":3}},"line":88},"7":{"name":"(anonymous_7)","decl":{"start":{"line":98,"column":2},"end":{"line":98,"column":3}},"loc":{"start":{"line":98,"column":47},"end":{"line":103,"column":3}},"line":98}},"branchMap":{},"s":{"0":1,"1":1,"2":1,"3":1,"4":1,"5":1,"6":1,"7":3,"8":3,"9":3,"10":3,"11":1,"12":1,"13":1,"14":3,"15":3,"16":3,"17":0,"18":0,"19":0,"20":0,"21":0,"22":0,"23":1,"24":1,"25":0,"26":1},"f":{"0":1,"1":3,"2":1,"3":3,"4":0,"5":0,"6":1,"7":0},"b":{},"_coverageSchema":"1a1c01bbd47fc00a2c39e90264f33305004495a9","hash":"f677f1307e02cb2c7934f8e71c7b0ae7288b4f58"}
,"/home/admin1/nexchat/services/auth-service/src/routes/auth.js": {"path":"/home/admin1/nexchat/services/auth-service/src/routes/auth.js","statementMap":{"0":{"start":{"line":1,"column":16},"end":{"line":1,"column":34}},"1":{"start":{"line":2,"column":15},"end":{"line":2,"column":31}},"2":{"start":{"line":3,"column":23},"end":{"line":3,"column":53}},"3":{"start":{"line":4,"column":23},"end":{"line":4,"column":52}},"4":{"start":{"line":7,"column":0},"end":{"line":7,"column":50}},"5":{"start":{"line":8,"column":0},"end":{"line":8,"column":44}},"6":{"start":{"line":9,"column":0},"end":{"line":9,"column":56}},"7":{"start":{"line":10,"column":0},"end":{"line":10,"column":52}},"8":{"start":{"line":13,"column":0},"end":{"line":13,"column":67}},"9":{"start":{"line":14,"column":0},"end":{"line":14,"column":71}},"10":{"start":{"line":15,"column":0},"end":{"line":15,"column":73}},"11":{"start":{"line":18,"column":0},"end":{"line":23,"column":3}},"12":{"start":{"line":19,"column":2},"end":{"line":22,"column":5}},"13":{"start":{"line":25,"column":0},"end":{"line":25,"column":24}}},"fnMap":{"0":{"name":"(anonymous_0)","decl":{"start":{"line":18,"column":39},"end":{"line":18,"column":40}},"loc":{"start":{"line":18,"column":53},"end":{"line":23,"column":1}},"line":18}},"branchMap":{},"s":{"0":1,"1":1,"2":1,"3":1,"4":1,"5":1,"6":1,"7":1,"8":1,"9":1,"10":1,"11":1,"12":1,"13":1},"f":{"0":1},"b":{},"_coverageSchema":"1a1c01bbd47fc00a2c39e90264f33305004495a9","hash":"ce7153940156cabc262e929c13320a439fd3f540"}
}
