TN:
SF:services/auth-service/src/index.js
FN:19,(anonymous_0)
FN:20,(anonymous_1)
FN:24,(anonymous_2)
FNF:3
FNH:1
FNDA:1,(anonymous_0)
FNDA:0,(anonymous_1)
FNDA:0,(anonymous_2)
DA:1,1
DA:2,1
DA:3,1
DA:4,1
DA:5,1
DA:7,1
DA:8,1
DA:11,1
DA:12,1
DA:15,1
DA:18,1
DA:20,1
DA:21,0
DA:25,0
DA:26,0
DA:29,1
LF:16
LH:13
BRDA:8,0,0,1
BRDA:8,0,1,1
BRF:2
BRH:2
end_of_record
TN:
SF:services/auth-service/src/config/db.js
FN:11,(anonymous_0)
FNF:1
FNH:1
FNDA:1,(anonymous_0)
DA:1,1
DA:3,1
DA:11,1
DA:12,1
DA:13,1
DA:14,1
DA:15,1
DA:17,0
DA:18,0
DA:22,1
LF:10
LH:8
BRDA:4,0,0,1
BRDA:4,0,1,1
BRDA:5,1,0,1
BRDA:5,1,1,1
BRDA:6,2,0,1
BRDA:6,2,1,1
BRDA:7,3,0,1
BRDA:7,3,1,1
BRDA:8,4,0,1
BRDA:8,4,1,1
BRF:10
BRH:10
end_of_record
TN:
SF:services/auth-service/src/controllers/auth.js
FN:10,(anonymous_0)
FN:24,(anonymous_1)
FN:47,(anonymous_2)
FN:69,(anonymous_3)
FN:89,(anonymous_4)
FN:105,(anonymous_5)
FN:123,(anonymous_6)
FN:138,(anonymous_7)
FNF:8
FNH:3
FNDA:3,(anonymous_0)
FNDA:0,(anonymous_1)
FNDA:0,(anonymous_2)
FNDA:0,(anonymous_3)
FNDA:0,(anonymous_4)
FNDA:1,(anonymous_5)
FNDA:1,(anonymous_6)
FNDA:0,(anonymous_7)
DA:1,1
DA:2,1
DA:3,1
DA:4,1
DA:5,1
DA:7,1
DA:11,3
DA:12,3
DA:13,3
DA:15,3
DA:16,3
DA:17,3
DA:19,0
DA:20,0
DA:25,0
DA:26,0
DA:27,0
DA:29,0
DA:30,0
DA:33,0
DA:34,0
DA:35,0
DA:38,0
DA:39,0
DA:40,0
DA:42,0
DA:43,0
DA:48,0
DA:49,0
DA:50,0
DA:52,0
DA:53,0
DA:56,0
DA:57,0
DA:62,0
DA:64,0
DA:65,0
DA:70,0
DA:71,0
DA:72,0
DA:77,0
DA:78,0
DA:81,0
DA:82,0
DA:84,0
DA:85,0
DA:90,0
DA:91,0
DA:92,0
DA:99,0
DA:100,0
DA:106,1
DA:107,1
DA:108,1
DA:110,1
DA:111,0
DA:112,0
DA:115,0
DA:116,0
DA:118,1
DA:119,1
DA:124,1
DA:125,1
DA:126,1
DA:128,1
DA:133,0
DA:134,0
DA:139,0
DA:140,0
DA:141,0
DA:143,0
DA:148,0
DA:149,0
DA:154,1
LF:74
LH:23
BRDA:7,0,0,1
BRDA:7,0,1,1
BRDA:29,1,0,0
BRDA:29,1,1,0
BRDA:34,2,0,0
BRDA:34,2,1,0
BRDA:52,3,0,0
BRDA:52,3,1,0
BRDA:77,4,0,0
BRDA:77,4,1,0
BRDA:111,5,0,0
BRDA:111,5,1,0
BRF:12
BRH:2
end_of_record
TN:
SF:services/auth-service/src/middleware/auth.js
FN:6,(anonymous_0)
FNF:1
FNH:1
FNDA:3,(anonymous_0)
DA:1,1
DA:2,1
DA:4,1
DA:6,1
DA:7,3
DA:8,3
DA:9,3
DA:10,0
DA:13,3
DA:14,3
DA:17,3
DA:18,3
DA:20,3
DA:21,0
DA:24,3
DA:25,3
DA:27,0
DA:28,0
DA:30,0
LF:19
LH:14
BRDA:4,0,0,1
BRDA:4,0,1,1
BRDA:9,1,0,0
BRDA:9,1,1,3
BRDA:20,2,0,0
BRDA:20,2,1,3
BRDA:27,3,0,0
BRDA:27,3,1,0
BRF:8
BRH:4
end_of_record
TN:
SF:services/auth-service/src/models/user.js
FN:8,(anonymous_0)
FN:41,(anonymous_1)
FN:52,(anonymous_2)
FN:58,(anonymous_3)
FN:68,(anonymous_4)
FN:80,(anonymous_5)
FN:88,(anonymous_6)
FN:98,(anonymous_7)
FNF:8
FNH:5
FNDA:1,(anonymous_0)
FNDA:3,(anonymous_1)
FNDA:1,(anonymous_2)
FNDA:3,(anonymous_3)
FNDA:0,(anonymous_4)
FNDA:0,(anonymous_5)
FNDA:1,(anonymous_6)
FNDA:0,(anonymous_7)
DA:1,1
DA:2,1
DA:3,1
DA:4,1
DA:5,1
DA:9,1
DA:38,1
DA:42,3
DA:43,3
DA:48,3
DA:49,3
DA:53,1
DA:54,1
DA:55,1
DA:59,3
DA:64,3
DA:65,3
DA:69,0
DA:70,0
DA:72,0
DA:77,0
DA:81,0
DA:82,0
DA:89,1
DA:90,1
DA:99,0
DA:106,1
LF:27
LH:20
BRF:0
BRH:0
end_of_record
TN:
SF:services/auth-service/src/routes/auth.js
FN:18,(anonymous_0)
FNF:1
FNH:1
FNDA:1,(anonymous_0)
DA:1,1
DA:2,1
DA:3,1
DA:4,1
DA:7,1
DA:8,1
DA:9,1
DA:10,1
DA:13,1
DA:14,1
DA:15,1
DA:18,1
DA:19,1
DA:25,1
LF:14
LH:14
BRF:0
BRH:0
end_of_record
